Using pre-set license
Built from '2022.3/staging' branch; Version is '2022.3.4f1 (35713cd46cd7) revision 3502396'; Using compiler version '192829333'; Build Type 'Release'
OS: 'Windows 10  (10.0.19045) 64bit Professional' Language: 'ko' Physical Memory: 16281 MB
BatchMode: 1, IsHumanControllingUs: 0, StartBugReporterOnCrash: 0, Is64bit: 1, IsPro: 1

COMMAND LINE ARGUMENTS:
C:\Program Files\Unity\Hub\Editor\2022.3.4f1\Editor\Unity.exe
-adb2
-batchMode
-noUpm
-name
AssetImportWorker2
-projectPath
C:/Users/admin/Documents/GitHub/ProjectTPS/ProjectTPS
-logFile
Logs/AssetImportWorker2.log
-srvPort
50766
Successfully changed project path to: C:/Users/admin/Documents/GitHub/ProjectTPS/ProjectTPS
C:/Users/admin/Documents/GitHub/ProjectTPS/ProjectTPS
[UnityMemory] Configuration Parameters - Can be set up in boot.config
    "memorysetup-bucket-allocator-granularity=16"
    "memorysetup-bucket-allocator-bucket-count=8"
    "memorysetup-bucket-allocator-block-size=33554432"
    "memorysetup-bucket-allocator-block-count=8"
    "memorysetup-main-allocator-block-size=16777216"
    "memorysetup-thread-allocator-block-size=16777216"
    "memorysetup-gfx-main-allocator-block-size=16777216"
    "memorysetup-gfx-thread-allocator-block-size=16777216"
    "memorysetup-cache-allocator-block-size=4194304"
    "memorysetup-typetree-allocator-block-size=2097152"
    "memorysetup-profiler-bucket-allocator-granularity=16"
    "memorysetup-profiler-bucket-allocator-bucket-count=8"
    "memorysetup-profiler-bucket-allocator-block-size=33554432"
    "memorysetup-profiler-bucket-allocator-block-count=8"
    "memorysetup-profiler-allocator-block-size=16777216"
    "memorysetup-profiler-editor-allocator-block-size=1048576"
    "memorysetup-temp-allocator-size-main=16777216"
    "memorysetup-job-temp-allocator-block-size=2097152"
    "memorysetup-job-temp-allocator-block-size-background=1048576"
    "memorysetup-job-temp-allocator-reduction-small-platforms=262144"
    "memorysetup-allocator-temp-initial-block-size-main=262144"
    "memorysetup-allocator-temp-initial-block-size-worker=262144"
    "memorysetup-temp-allocator-size-background-worker=32768"
    "memorysetup-temp-allocator-size-job-worker=262144"
    "memorysetup-temp-allocator-size-preload-manager=33554432"
    "memorysetup-temp-allocator-size-nav-mesh-worker=65536"
    "memorysetup-temp-allocator-size-audio-worker=65536"
    "memorysetup-temp-allocator-size-cloud-worker=32768"
    "memorysetup-temp-allocator-size-gi-baking-worker=262144"
    "memorysetup-temp-allocator-size-gfx=262144"
Player connection [14000] Host "[IP] 192.168.200.74 [Port] 0 [Flags] 2 [Guid] 1199832874 [EditorId] 1199832874 [Version] 1048832 [Id] WindowsEditor(7,D-09) [Debug] 1 [PackageName] WindowsEditor [ProjectName] Editor" joined multi-casting on [225.0.0.222:54997]...

Player connection [14000] Host "[IP] 192.168.200.74 [Port] 0 [Flags] 2 [Guid] 1199832874 [EditorId] 1199832874 [Version] 1048832 [Id] WindowsEditor(7,D-09) [Debug] 1 [PackageName] WindowsEditor [ProjectName] Editor" joined alternative multi-casting on [225.0.0.222:34997]...

Refreshing native plugins compatible for Editor in 4.11 ms, found 3 plugins.
Preloading 0 native plugins for Editor in 0.00 ms.
Initialize engine version: 2022.3.4f1 (35713cd46cd7)
[Subsystems] Discovering subsystems at path C:/Program Files/Unity/Hub/Editor/2022.3.4f1/Editor/Data/Resources/UnitySubsystems
[Subsystems] Discovering subsystems at path C:/Users/admin/Documents/GitHub/ProjectTPS/ProjectTPS/Assets
GfxDevice: creating device client; threaded=0; jobified=0
Direct3D:
    Version:  Direct3D 11.0 [level 11.1]
    Renderer: NVIDIA GeForce GTX 1660 SUPER (ID=0x21c4)
    Vendor:   NVIDIA
    VRAM:     5980 MB
    Driver:   31.0.15.3179
Initialize mono
Mono path[0] = 'C:/Program Files/Unity/Hub/Editor/2022.3.4f1/Editor/Data/Managed'
Mono path[1] = 'C:/Program Files/Unity/Hub/Editor/2022.3.4f1/Editor/Data/MonoBleedingEdge/lib/mono/unityjit-win32'
Mono config path = 'C:/Program Files/Unity/Hub/Editor/2022.3.4f1/Editor/Data/MonoBleedingEdge/etc'
Using monoOptions --debugger-agent=transport=dt_socket,embedding=1,server=y,suspend=n,address=127.0.0.1:56896
Begin MonoManager ReloadAssembly
Registering precompiled unity dll's ...
Register platform support module: C:/Program Files/Unity/Hub/Editor/2022.3.4f1/Editor/Data/PlaybackEngines/AndroidPlayer/UnityEditor.Android.Extensions.dll
Register platform support module: C:/Program Files/Unity/Hub/Editor/2022.3.4f1/Editor/Data/PlaybackEngines/WindowsStandaloneSupport/UnityEditor.WindowsStandalone.Extensions.dll
Registered in 0.006353 seconds.
- Loaded All Assemblies, in  0.322 seconds
Native extension for WindowsStandalone target not found
Native extension for Android target not found
Android Extension - Scanning For ADB Devices 163 ms
Mono: successfully reloaded assembly
- Finished resetting the current domain, in  0.443 seconds
Domain Reload Profiling: 765ms
	BeginReloadAssembly (79ms)
		ExecutionOrderSort (0ms)
		DisableScriptedObjects (0ms)
		BackupInstance (0ms)
		ReleaseScriptingObjects (0ms)
		CreateAndSetChildDomain (1ms)
	RebuildCommonClasses (34ms)
	RebuildNativeTypeToScriptingClass (11ms)
	initialDomainReloadingComplete (57ms)
	LoadAllAssembliesAndSetupDomain (140ms)
		LoadAssemblies (78ms)
		RebuildTransferFunctionScriptingTraits (0ms)
		AnalyzeDomain (136ms)
			TypeCache.Refresh (136ms)
				TypeCache.ScanAssembly (121ms)
			ScanForSourceGeneratedMonoScriptInfo (0ms)
			ResolveRequiredComponents (0ms)
	FinalizeReload (444ms)
		ReleaseScriptCaches (0ms)
		RebuildScriptCaches (0ms)
		SetupLoadedEditorAssemblies (393ms)
			LogAssemblyErrors (0ms)
			InitializePlatformSupportModulesInManaged (258ms)
			SetLoadedEditorAssemblies (3ms)
			RefreshPlugins (0ms)
			BeforeProcessingInitializeOnLoad (2ms)
			ProcessInitializeOnLoadAttributes (90ms)
			ProcessInitializeOnLoadMethodAttributes (40ms)
			AfterProcessingInitializeOnLoad (0ms)
			EditorAssembliesLoaded (0ms)
		ExecutionOrderSort2 (0ms)
		AwakeInstancesAfterBackupRestoration (0ms)
========================================================================
Worker process is ready to serve import requests
Begin MonoManager ReloadAssembly
Symbol file LoadedFromMemory doesn't match image C:\Users\admin\Documents\GitHub\ProjectTPS\ProjectTPS\Library\PackageCache\com.unity.visualscripting@1.8.0\Editor\VisualScripting.Core\Dependencies\YamlDotNet\Unity.VisualScripting.YamlDotNet.dll
Symbol file LoadedFromMemory doesn't match image C:\Users\admin\Documents\GitHub\ProjectTPS\ProjectTPS\Library\PackageCache\com.unity.visualscripting@1.8.0\Editor\VisualScripting.Core\Dependencies\DotNetZip\Unity.VisualScripting.IonicZip.dll
- Loaded All Assemblies, in  0.645 seconds
Refreshing native plugins compatible for Editor in 1.42 ms, found 3 plugins.
Native extension for WindowsStandalone target not found
Native extension for Android target not found
Package Manager log level set to [2]
[Package Manager] Server::EnsureServerProcessIsRunning -- launch failed, reason: Unity was launched with the -noUpm command-line argument
[Package Manager] UpmClient::Send -- Unable to send message (not connected to UPM process).
[Package Manager] Cannot connect to Unity Package Manager local server
Mono: successfully reloaded assembly
- Finished resetting the current domain, in  0.456 seconds
Domain Reload Profiling: 1101ms
	BeginReloadAssembly (118ms)
		ExecutionOrderSort (0ms)
		DisableScriptedObjects (6ms)
		BackupInstance (0ms)
		ReleaseScriptingObjects (0ms)
		CreateAndSetChildDomain (26ms)
	RebuildCommonClasses (31ms)
	RebuildNativeTypeToScriptingClass (9ms)
	initialDomainReloadingComplete (34ms)
	LoadAllAssembliesAndSetupDomain (451ms)
		LoadAssemblies (223ms)
		RebuildTransferFunctionScriptingTraits (0ms)
		AnalyzeDomain (283ms)
			TypeCache.Refresh (267ms)
				TypeCache.ScanAssembly (251ms)
			ScanForSourceGeneratedMonoScriptInfo (12ms)
			ResolveRequiredComponents (4ms)
	FinalizeReload (456ms)
		ReleaseScriptCaches (0ms)
		RebuildScriptCaches (0ms)
		SetupLoadedEditorAssemblies (324ms)
			LogAssemblyErrors (0ms)
			InitializePlatformSupportModulesInManaged (18ms)
			SetLoadedEditorAssemblies (4ms)
			RefreshPlugins (0ms)
			BeforeProcessingInitializeOnLoad (49ms)
			ProcessInitializeOnLoadAttributes (235ms)
			ProcessInitializeOnLoadMethodAttributes (15ms)
			AfterProcessingInitializeOnLoad (3ms)
			EditorAssembliesLoaded (0ms)
		ExecutionOrderSort2 (0ms)
		AwakeInstancesAfterBackupRestoration (5ms)
Launched and connected shader compiler UnityShaderCompiler.exe after 0.03 seconds
Refreshing native plugins compatible for Editor in 2.08 ms, found 3 plugins.
Preloading 0 native plugins for Editor in 0.00 ms.
Unloading 3087 Unused Serialized files (Serialized files now loaded: 0)
Unloading 31 unused Assets / (56.7 KB). Loaded Objects now: 3562.
Memory consumption went from 122.6 MB to 122.5 MB.
Total: 4.174400 ms (FindLiveObjects: 0.342300 ms CreateObjectMapping: 0.267500 ms MarkObjects: 3.432300 ms  DeleteObjects: 0.131300 ms)

AssetImportParameters requested are different than current active one (requested -> active):
  custom:container-demuxer-ogg: 62fdf1f143b41e24485cea50d1cbac27 -> 
  custom:video-decoder-ogg-theora: a1e56fd34408186e4bbccfd4996cb3dc -> 
  custom:framework-win-MediaFoundation: 216162199b28c13a410421893ffa2e32 -> 
  custom:CustomObjectIndexerAttribute: 756ad292c208cfabdd7b50bc23989ffe -> 
  custom:container-demuxer-webm: 4f35f7cbe854078d1ac9338744f61a02 -> 
  custom:container-muxer-webm: aa71ff27fc2769a1b78a27578f13a17b -> 
  custom:video-decoder-webm-vp8: 9c59270c3fd7afecdb556c50c9e8de78 -> 
  custom:AudioImporter_EditorPlatform: d09bf68614088b80899f8185d706f6e7 -> 
  custom:video-encoder-webm-vp8: eb34c28f22e8b96e1ab97ce403110664 -> 
  custom:audio-decoder-ogg-vorbis: bf7c407c2cedff20999df2af8eb42d56 -> 
  custom:audio-encoder-webm-vorbis: bf7c407c2cedff20999df2af8eb42d56 -> 
========================================================================
Received Prepare
Refreshing native plugins compatible for Editor in 1.46 ms, found 3 plugins.
Preloading 0 native plugins for Editor in 0.00 ms.
Unloading 1 Unused Serialized files (Serialized files now loaded: 0)
Unloading 1 unused Assets / (3.0 KB). Loaded Objects now: 3562.
Memory consumption went from 73.3 MB to 73.3 MB.
Total: 2.926900 ms (FindLiveObjects: 0.327700 ms CreateObjectMapping: 0.267400 ms MarkObjects: 2.308900 ms  DeleteObjects: 0.022200 ms)

Prepare: number of updated asset objects reloaded= 0
AssetImportParameters requested are different than current active one (requested -> active):
  custom:container-demuxer-ogg: 62fdf1f143b41e24485cea50d1cbac27 -> 
  custom:video-decoder-ogg-theora: a1e56fd34408186e4bbccfd4996cb3dc -> 
  custom:framework-win-MediaFoundation: 216162199b28c13a410421893ffa2e32 -> 
  custom:CustomObjectIndexerAttribute: 756ad292c208cfabdd7b50bc23989ffe -> 
  custom:container-demuxer-webm: 4f35f7cbe854078d1ac9338744f61a02 -> 
  custom:container-muxer-webm: aa71ff27fc2769a1b78a27578f13a17b -> 
  custom:video-decoder-webm-vp8: 9c59270c3fd7afecdb556c50c9e8de78 -> 
  custom:SearchIndexIgnoredProperties: e643bd26f0fe6173181afceb89e7c659 -> 
  custom:AudioImporter_EditorPlatform: d09bf68614088b80899f8185d706f6e7 -> 
  custom:video-encoder-webm-vp8: eb34c28f22e8b96e1ab97ce403110664 -> 
  custom:audio-decoder-ogg-vorbis: bf7c407c2cedff20999df2af8eb42d56 -> 
  custom:audio-encoder-webm-vorbis: bf7c407c2cedff20999df2af8eb42d56 -> 
========================================================================
Received Import Request.
  Time since last request: 2685.228669 seconds.
  path: Assets/Prefabs/Bullet.prefab
  artifactKey: Guid(8eecd7be76a14fa4aaa2080df0de50c0) Importer(2089858483,0ecaa5967403d082aa24f35e1b516d23)
Start importing Assets/Prefabs/Bullet.prefab using Guid(8eecd7be76a14fa4aaa2080df0de50c0) Importer(2089858483,0ecaa5967403d082aa24f35e1b516d23) Generated GUIDs only implemented for interfaces!
 -> (artifact id: '40c253c50ea4cbce7d9d0f561f04bcee') in 0.087597 seconds
Number of updated asset objects reloaded before import = 0
Number of asset objects unloaded after import = 15
========================================================================
Received Import Request.
  Time since last request: 8.803183 seconds.
  path: Assets/Prefabs/Bullet.prefab
  artifactKey: Guid(8eecd7be76a14fa4aaa2080df0de50c0) Importer(2089858483,0ecaa5967403d082aa24f35e1b516d23)
Start importing Assets/Prefabs/Bullet.prefab using Guid(8eecd7be76a14fa4aaa2080df0de50c0) Importer(2089858483,0ecaa5967403d082aa24f35e1b516d23) Generated GUIDs only implemented for interfaces!
 -> (artifact id: 'bc0d2b54484ecf1b48941b408c5d39ab') in 0.004422 seconds
Number of updated asset objects reloaded before import = 0
Number of asset objects unloaded after import = 15
========================================================================
Received Import Request.
  Time since last request: 27.269875 seconds.
  path: Assets/Prefabs/Bullet.prefab
  artifactKey: Guid(8eecd7be76a14fa4aaa2080df0de50c0) Importer(2089858483,0ecaa5967403d082aa24f35e1b516d23)
Start importing Assets/Prefabs/Bullet.prefab using Guid(8eecd7be76a14fa4aaa2080df0de50c0) Importer(2089858483,0ecaa5967403d082aa24f35e1b516d23) Generated GUIDs only implemented for interfaces!
 -> (artifact id: '2ab1e7f308a77f0b67df75eaf50e2ef7') in 0.004802 seconds
Number of updated asset objects reloaded before import = 0
Number of asset objects unloaded after import = 15
========================================================================
Received Import Request.
  Time since last request: 50.400039 seconds.
  path: Assets/Prefabs/Bullet.prefab
  artifactKey: Guid(8eecd7be76a14fa4aaa2080df0de50c0) Importer(815301076,1909f56bfc062723c751e8b465ee728b)
Start importing Assets/Prefabs/Bullet.prefab using Guid(8eecd7be76a14fa4aaa2080df0de50c0) Importer(815301076,1909f56bfc062723c751e8b465ee728b)  -> (artifact id: '4bd6b0445aa429349bc375d7233cc0e4') in 0.055118 seconds
Number of updated asset objects reloaded before import = 0
Number of asset objects unloaded after import = 19
========================================================================
Received Import Request.
  Time since last request: 85.242427 seconds.
  path: Assets/Material/BulletTrail.mat
  artifactKey: Guid(04377d1f659e79b4e85415d78ecc1eea) Importer(2089858483,0ecaa5967403d082aa24f35e1b516d23)
Start importing Assets/Material/BulletTrail.mat using Guid(04377d1f659e79b4e85415d78ecc1eea) Importer(2089858483,0ecaa5967403d082aa24f35e1b516d23) Generated GUIDs only implemented for interfaces!
 -> (artifact id: 'f36e76bd24093f7257d9a1e5f0b15948') in 0.007297 seconds
Number of updated asset objects reloaded before import = 0
Number of asset objects unloaded after import = 2
========================================================================
Received Import Request.
  Time since last request: 2.428866 seconds.
  path: Assets/EffectTexturesAndPrefabs/Materials/Light.mat
  artifactKey: Guid(05fa321eed70c8a4abaaa1eb517bb3b7) Importer(2089858483,0ecaa5967403d082aa24f35e1b516d23)
Start importing Assets/EffectTexturesAndPrefabs/Materials/Light.mat using Guid(05fa321eed70c8a4abaaa1eb517bb3b7) Importer(2089858483,0ecaa5967403d082aa24f35e1b516d23) Generated GUIDs only implemented for interfaces!
 -> (artifact id: 'adba3737d9294ab81ba0cba4117f0ee6') in 0.046922 seconds
Number of updated asset objects reloaded before import = 0
Number of asset objects unloaded after import = 2
========================================================================
Received Import Request.
  Time since last request: 0.000015 seconds.
  path: Assets/EffectTexturesAndPrefabs/Textures/star_B.png
  artifactKey: Guid(a692e8fb04fe88f48b87e461b9e8409d) Importer(2089858483,0ecaa5967403d082aa24f35e1b516d23)
Start importing Assets/EffectTexturesAndPrefabs/Textures/star_B.png using Guid(a692e8fb04fe88f48b87e461b9e8409d) Importer(2089858483,0ecaa5967403d082aa24f35e1b516d23) Generated GUIDs only implemented for interfaces!
 -> (artifact id: '38f1b29a378ad143e6980611343b1cf3') in 0.041570 seconds
Number of updated asset objects reloaded before import = 0
Number of asset objects unloaded after import = 1
========================================================================
Received Import Request.
  Time since last request: 0.000023 seconds.
  path: Assets/EffectTexturesAndPrefabs/Materials/PlaneBlack.mat
  artifactKey: Guid(d8a7d31f497e15a47859d4c852dcee03) Importer(2089858483,0ecaa5967403d082aa24f35e1b516d23)
Start importing Assets/EffectTexturesAndPrefabs/Materials/PlaneBlack.mat using Guid(d8a7d31f497e15a47859d4c852dcee03) Importer(2089858483,0ecaa5967403d082aa24f35e1b516d23) Generated GUIDs only implemented for interfaces!
 -> (artifact id: '23c2163f0180dc46436700fc633b7152') in 0.009422 seconds
Number of updated asset objects reloaded before import = 0
Number of asset objects unloaded after import = 1
========================================================================
Received Import Request.
  Time since last request: 0.000016 seconds.
  path: Assets/EffectTexturesAndPrefabs/Prefabs/ShockWave.prefab
  artifactKey: Guid(5cbc537826220e04592d5a41a0dd985f) Importer(2089858483,0ecaa5967403d082aa24f35e1b516d23)
Start importing Assets/EffectTexturesAndPrefabs/Prefabs/ShockWave.prefab using Guid(5cbc537826220e04592d5a41a0dd985f) Importer(2089858483,0ecaa5967403d082aa24f35e1b516d23) Generated GUIDs only implemented for interfaces!
 -> (artifact id: '2afbc77fb0a94b7c20c17aa9ffb71b97') in 0.006143 seconds
Number of updated asset objects reloaded before import = 0
Number of asset objects unloaded after import = 9
========================================================================
Received Import Request.
  Time since last request: 0.000029 seconds.
  path: Assets/EffectTexturesAndPrefabs/Prefabs/smoke_thin.prefab
  artifactKey: Guid(b07739ad126c6ff46875821c2a3cd124) Importer(2089858483,0ecaa5967403d082aa24f35e1b516d23)
Start importing Assets/EffectTexturesAndPrefabs/Prefabs/smoke_thin.prefab using Guid(b07739ad126c6ff46875821c2a3cd124) Importer(2089858483,0ecaa5967403d082aa24f35e1b516d23) Generated GUIDs only implemented for interfaces!
 -> (artifact id: '84aaccddaaf7c068d57dae96c8646aa4') in 0.003603 seconds
Number of updated asset objects reloaded before import = 0
Number of asset objects unloaded after import = 8
========================================================================
Received Import Request.
  Time since last request: 0.000015 seconds.
  path: Assets/EffectTexturesAndPrefabs/Materials/Heart.mat
  artifactKey: Guid(39fbad40cddaec94196b2768dba204a5) Importer(2089858483,0ecaa5967403d082aa24f35e1b516d23)
Start importing Assets/EffectTexturesAndPrefabs/Materials/Heart.mat using Guid(39fbad40cddaec94196b2768dba204a5) Importer(2089858483,0ecaa5967403d082aa24f35e1b516d23) Generated GUIDs only implemented for interfaces!
 -> (artifact id: '1ff55c13b5a236c092e71a341487d67f') in 0.004580 seconds
Number of updated asset objects reloaded before import = 0
Number of asset objects unloaded after import = 2
========================================================================
Received Import Request.
  Time since last request: 0.000016 seconds.
  path: Assets/EffectTexturesAndPrefabs/Textures/light_ring.png
  artifactKey: Guid(e8e4bc588b1176c4aafab4804c6d8d98) Importer(2089858483,0ecaa5967403d082aa24f35e1b516d23)
Start importing Assets/EffectTexturesAndPrefabs/Textures/light_ring.png using Guid(e8e4bc588b1176c4aafab4804c6d8d98) Importer(2089858483,0ecaa5967403d082aa24f35e1b516d23) Generated GUIDs only implemented for interfaces!
 -> (artifact id: '6440b72953a9d3be8cb201d29b274918') in 0.012206 seconds
Number of updated asset objects reloaded before import = 0
Number of asset objects unloaded after import = 1
========================================================================
Received Import Request.
  Time since last request: 0.000027 seconds.
  path: Assets/EffectTexturesAndPrefabs/Textures/star_A.png
  artifactKey: Guid(2a333df97c48b2b4e9610c526a3c3e5e) Importer(2089858483,0ecaa5967403d082aa24f35e1b516d23)
Start importing Assets/EffectTexturesAndPrefabs/Textures/star_A.png using Guid(2a333df97c48b2b4e9610c526a3c3e5e) Importer(2089858483,0ecaa5967403d082aa24f35e1b516d23) Generated GUIDs only implemented for interfaces!
 -> (artifact id: 'a16c83e33086a3ec00dcb8d703480fb6') in 0.011265 seconds
Number of updated asset objects reloaded before import = 0
Number of asset objects unloaded after import = 1
========================================================================
Received Import Request.
  Time since last request: 0.000063 seconds.
  path: Assets/EffectTexturesAndPrefabs/Prefabs/DustSmoke_A.prefab
  artifactKey: Guid(e5df5caad603c8349ba3481b8ded0927) Importer(2089858483,0ecaa5967403d082aa24f35e1b516d23)
Start importing Assets/EffectTexturesAndPrefabs/Prefabs/DustSmoke_A.prefab using Guid(e5df5caad603c8349ba3481b8ded0927) Importer(2089858483,0ecaa5967403d082aa24f35e1b516d23) Generated GUIDs only implemented for interfaces!
 -> (artifact id: '4cf61f95eeaea732f6f2f956227adcbb') in 0.002947 seconds
Number of updated asset objects reloaded before import = 0
Number of asset objects unloaded after import = 8
========================================================================
Received Import Request.
  Time since last request: 0.000015 seconds.
  path: Assets/EffectTexturesAndPrefabs/Prefabs/Spark.prefab
  artifactKey: Guid(18c0a8b63ea8b4448a595b0c24c1384a) Importer(2089858483,0ecaa5967403d082aa24f35e1b516d23)
Start importing Assets/EffectTexturesAndPrefabs/Prefabs/Spark.prefab using Guid(18c0a8b63ea8b4448a595b0c24c1384a) Importer(2089858483,0ecaa5967403d082aa24f35e1b516d23) Generated GUIDs only implemented for interfaces!
 -> (artifact id: 'c4c53e06a854a5800b1a3119aaa8da72') in 0.002924 seconds
Number of updated asset objects reloaded before import = 0
Number of asset objects unloaded after import = 12
========================================================================
Received Import Request.
  Time since last request: 0.000011 seconds.
  path: Assets/EffectTexturesAndPrefabs/Materials/Smoke_thin.mat
  artifactKey: Guid(8764e26efc3afff4db4bfbabc8fd2043) Importer(2089858483,0ecaa5967403d082aa24f35e1b516d23)
Start importing Assets/EffectTexturesAndPrefabs/Materials/Smoke_thin.mat using Guid(8764e26efc3afff4db4bfbabc8fd2043) Importer(2089858483,0ecaa5967403d082aa24f35e1b516d23) Generated GUIDs only implemented for interfaces!
 -> (artifact id: '02fd75047d2d46d1f8982fe59364da5a') in 0.078552 seconds
Number of updated asset objects reloaded before import = 0
Number of asset objects unloaded after import = 3
========================================================================
Received Import Request.
  Time since last request: 0.000019 seconds.
  path: Assets/EffectTexturesAndPrefabs/Scenes
  artifactKey: Guid(3d643b7158d306f4aa7a13e9bc64e8fb) Importer(2089858483,0ecaa5967403d082aa24f35e1b516d23)
Start importing Assets/EffectTexturesAndPrefabs/Scenes using Guid(3d643b7158d306f4aa7a13e9bc64e8fb) Importer(2089858483,0ecaa5967403d082aa24f35e1b516d23) Generated GUIDs only implemented for interfaces!
 -> (artifact id: '920ead1b481363eff5f979c2f81a8138') in 0.002878 seconds
Number of updated asset objects reloaded before import = 0
Number of asset objects unloaded after import = 1
========================================================================
Received Import Request.
  Time since last request: 0.000021 seconds.
  path: Assets/EffectTexturesAndPrefabs/Materials/FireParticle_A.mat
  artifactKey: Guid(abc49fa8b01f5314c880641bc7c5986d) Importer(2089858483,0ecaa5967403d082aa24f35e1b516d23)
Start importing Assets/EffectTexturesAndPrefabs/Materials/FireParticle_A.mat using Guid(abc49fa8b01f5314c880641bc7c5986d) Importer(2089858483,0ecaa5967403d082aa24f35e1b516d23) Generated GUIDs only implemented for interfaces!
 -> (artifact id: '1f934f2165d35121a4445987c7725111') in 0.003749 seconds
Number of updated asset objects reloaded before import = 0
Number of asset objects unloaded after import = 2
========================================================================
Received Import Request.
  Time since last request: 0.000017 seconds.
  path: Assets/EffectTexturesAndPrefabs/FBX
  artifactKey: Guid(cd2a7be4349e6d94285d5d46f8469246) Importer(2089858483,0ecaa5967403d082aa24f35e1b516d23)
Start importing Assets/EffectTexturesAndPrefabs/FBX using Guid(cd2a7be4349e6d94285d5d46f8469246) Importer(2089858483,0ecaa5967403d082aa24f35e1b516d23) Generated GUIDs only implemented for interfaces!
 -> (artifact id: '66fd446a6f5389838f23bc00376907f6') in 0.001812 seconds
Number of updated asset objects reloaded before import = 0
Number of asset objects unloaded after import = 1
========================================================================
Received Import Request.
  Time since last request: 0.000017 seconds.
  path: Assets/EffectTexturesAndPrefabs/Prefabs/Star_A.prefab
  artifactKey: Guid(cc461484bcafc664fb68be84c1fc6860) Importer(2089858483,0ecaa5967403d082aa24f35e1b516d23)
Start importing Assets/EffectTexturesAndPrefabs/Prefabs/Star_A.prefab using Guid(cc461484bcafc664fb68be84c1fc6860) Importer(2089858483,0ecaa5967403d082aa24f35e1b516d23) Generated GUIDs only implemented for interfaces!
 -> (artifact id: 'dd7040c02abc17aaa6d391bc18ce5713') in 0.003034 seconds
Number of updated asset objects reloaded before import = 0
Number of asset objects unloaded after import = 12
========================================================================
Received Import Request.
  Time since last request: 0.000012 seconds.
  path: Assets/EffectTexturesAndPrefabs/Materials/Smoke_thick.mat
  artifactKey: Guid(97de08415789a694eb7b2ac89fd4e9d9) Importer(2089858483,0ecaa5967403d082aa24f35e1b516d23)
Start importing Assets/EffectTexturesAndPrefabs/Materials/Smoke_thick.mat using Guid(97de08415789a694eb7b2ac89fd4e9d9) Importer(2089858483,0ecaa5967403d082aa24f35e1b516d23) Generated GUIDs only implemented for interfaces!
 -> (artifact id: '71bc734b8f83bd4d9feeed02fddc2e16') in 0.004269 seconds
Number of updated asset objects reloaded before import = 0
Number of asset objects unloaded after import = 3
========================================================================
Received Import Request.
  Time since last request: 0.000016 seconds.
  path: Assets/EffectTexturesAndPrefabs/Prefabs/Fire_B.prefab
  artifactKey: Guid(83f5e574addfb424ebd95bbb8ff8b080) Importer(2089858483,0ecaa5967403d082aa24f35e1b516d23)
Start importing Assets/EffectTexturesAndPrefabs/Prefabs/Fire_B.prefab using Guid(83f5e574addfb424ebd95bbb8ff8b080) Importer(2089858483,0ecaa5967403d082aa24f35e1b516d23) Generated GUIDs only implemented for interfaces!
 -> (artifact id: 'f0ea0a1cf9ffe3077e151569d4648d62') in 0.003294 seconds
Number of updated asset objects reloaded before import = 0
Number of asset objects unloaded after import = 16
========================================================================
Received Import Request.
  Time since last request: 0.000015 seconds.
  path: Assets/EffectTexturesAndPrefabs/Textures/slash.png
  artifactKey: Guid(114545a4b70d362468dce7ca6f39e659) Importer(2089858483,0ecaa5967403d082aa24f35e1b516d23)
Start importing Assets/EffectTexturesAndPrefabs/Textures/slash.png using Guid(114545a4b70d362468dce7ca6f39e659) Importer(2089858483,0ecaa5967403d082aa24f35e1b516d23) Generated GUIDs only implemented for interfaces!
 -> (artifact id: 'ba5d8ac3aef2cdbb25e3cc2214fe8d49') in 0.010697 seconds
Number of updated asset objects reloaded before import = 0
Number of asset objects unloaded after import = 1
========================================================================
Received Import Request.
  Time since last request: 0.000011 seconds.
  path: Assets/EffectTexturesAndPrefabs/Materials/LightRing.mat
  artifactKey: Guid(0161c043b67ab5541a07dbabad9d69b4) Importer(2089858483,0ecaa5967403d082aa24f35e1b516d23)
Start importing Assets/EffectTexturesAndPrefabs/Materials/LightRing.mat using Guid(0161c043b67ab5541a07dbabad9d69b4) Importer(2089858483,0ecaa5967403d082aa24f35e1b516d23) Generated GUIDs only implemented for interfaces!
 -> (artifact id: '598e5cbe81864e6038e2fc7f560711ed') in 0.005824 seconds
Number of updated asset objects reloaded before import = 0
Number of asset objects unloaded after import = 2
========================================================================
Received Import Request.
  Time since last request: 0.000018 seconds.
  path: Assets/EffectTexturesAndPrefabs/Prefabs/HitEffect_B.prefab
  artifactKey: Guid(3fe0df07025a3e747855b1bb671fc04e) Importer(2089858483,0ecaa5967403d082aa24f35e1b516d23)
Start importing Assets/EffectTexturesAndPrefabs/Prefabs/HitEffect_B.prefab using Guid(3fe0df07025a3e747855b1bb671fc04e) Importer(2089858483,0ecaa5967403d082aa24f35e1b516d23) Generated GUIDs only implemented for interfaces!
 -> (artifact id: '86315f0477e26f5d1fdf86edfc33e1d4') in 0.003531 seconds
Number of updated asset objects reloaded before import = 0
Number of asset objects unloaded after import = 16
========================================================================
Received Import Request.
  Time since last request: 0.000015 seconds.
  path: Assets/EffectTexturesAndPrefabs/Animations
  artifactKey: Guid(27d837b9f58640c48a20a83fc0f964ae) Importer(2089858483,0ecaa5967403d082aa24f35e1b516d23)
Start importing Assets/EffectTexturesAndPrefabs/Animations using Guid(27d837b9f58640c48a20a83fc0f964ae) Importer(2089858483,0ecaa5967403d082aa24f35e1b516d23) Generated GUIDs only implemented for interfaces!
 -> (artifact id: 'c106d65b6888769652158d72299371fe') in 0.002218 seconds
Number of updated asset objects reloaded before import = 0
Number of asset objects unloaded after import = 1
========================================================================
Received Import Request.
  Time since last request: 0.000014 seconds.
  path: Assets/EffectTexturesAndPrefabs/Materials/Star_B.mat
  artifactKey: Guid(19e0af29cd4638241944ed62aa8986fc) Importer(2089858483,0ecaa5967403d082aa24f35e1b516d23)
Start importing Assets/EffectTexturesAndPrefabs/Materials/Star_B.mat using Guid(19e0af29cd4638241944ed62aa8986fc) Importer(2089858483,0ecaa5967403d082aa24f35e1b516d23) Generated GUIDs only implemented for interfaces!
 -> (artifact id: 'dcb82d7c0c8a8d1030b391f6461bed92') in 0.004093 seconds
Number of updated asset objects reloaded before import = 0
Number of asset objects unloaded after import = 2
========================================================================
Received Import Request.
  Time since last request: 0.000016 seconds.
  path: Assets/EffectTexturesAndPrefabs/Textures/light.png
  artifactKey: Guid(a6de0b4e38ace5e4281e0b18205d4615) Importer(2089858483,0ecaa5967403d082aa24f35e1b516d23)
Start importing Assets/EffectTexturesAndPrefabs/Textures/light.png using Guid(a6de0b4e38ace5e4281e0b18205d4615) Importer(2089858483,0ecaa5967403d082aa24f35e1b516d23) Generated GUIDs only implemented for interfaces!
 -> (artifact id: 'e81e60fc1afac65a2c6d2cd160db3575') in 0.012019 seconds
Number of updated asset objects reloaded before import = 0
Number of asset objects unloaded after import = 1
========================================================================
Received Import Request.
  Time since last request: 0.000013 seconds.
  path: Assets/EffectTexturesAndPrefabs/Textures/particle_A.png
  artifactKey: Guid(7a034c8d003ebef4d89457c73317547b) Importer(2089858483,0ecaa5967403d082aa24f35e1b516d23)
Start importing Assets/EffectTexturesAndPrefabs/Textures/particle_A.png using Guid(7a034c8d003ebef4d89457c73317547b) Importer(2089858483,0ecaa5967403d082aa24f35e1b516d23) Generated GUIDs only implemented for interfaces!
 -> (artifact id: 'f2af55b59f9ae0dc61de4e5bc4917296') in 0.011460 seconds
Number of updated asset objects reloaded before import = 0
Number of asset objects unloaded after import = 1
========================================================================
Received Import Request.
  Time since last request: 0.000015 seconds.
  path: Assets/EffectTexturesAndPrefabs/Materials/SparkParticle.mat
  artifactKey: Guid(188bbd7714ed53b4ab47e30ee1f8c00c) Importer(2089858483,0ecaa5967403d082aa24f35e1b516d23)
Start importing Assets/EffectTexturesAndPrefabs/Materials/SparkParticle.mat using Guid(188bbd7714ed53b4ab47e30ee1f8c00c) Importer(2089858483,0ecaa5967403d082aa24f35e1b516d23) Generated GUIDs only implemented for interfaces!
 -> (artifact id: 'f3bbc247fc4efb660ae8f624240b2a16') in 0.036552 seconds
Number of updated asset objects reloaded before import = 0
Number of asset objects unloaded after import = 2
========================================================================
Received Import Request.
  Time since last request: 0.000031 seconds.
  path: Assets/EffectTexturesAndPrefabs/Prefabs/Cube.prefab
  artifactKey: Guid(3db9e95faad829f4b953f712b1811fc5) Importer(2089858483,0ecaa5967403d082aa24f35e1b516d23)
Start importing Assets/EffectTexturesAndPrefabs/Prefabs/Cube.prefab using Guid(3db9e95faad829f4b953f712b1811fc5) Importer(2089858483,0ecaa5967403d082aa24f35e1b516d23) Generated GUIDs only implemented for interfaces!
 -> (artifact id: '6adb426cc68162aae1ae93157dd63c95') in 0.012566 seconds
Number of updated asset objects reloaded before import = 0
Number of asset objects unloaded after import = 8
========================================================================
Received Import Request.
  Time since last request: 0.000020 seconds.
  path: Assets/EffectTexturesAndPrefabs/Textures
  artifactKey: Guid(401e26d13061d7c439b9e36e15d76c6a) Importer(2089858483,0ecaa5967403d082aa24f35e1b516d23)
Start importing Assets/EffectTexturesAndPrefabs/Textures using Guid(401e26d13061d7c439b9e36e15d76c6a) Importer(2089858483,0ecaa5967403d082aa24f35e1b516d23) Generated GUIDs only implemented for interfaces!
 -> (artifact id: '3a212475a964d6d950bd77ccebe5f430') in 0.002339 seconds
Number of updated asset objects reloaded before import = 0
Number of asset objects unloaded after import = 1
========================================================================
Received Import Request.
  Time since last request: 7.382662 seconds.
  path: Assets/Packages/EffectTexturesAndPrefabs/FBX
  artifactKey: Guid(cd2a7be4349e6d94285d5d46f8469246) Importer(2089858483,0ecaa5967403d082aa24f35e1b516d23)
Start importing Assets/Packages/EffectTexturesAndPrefabs/FBX using Guid(cd2a7be4349e6d94285d5d46f8469246) Importer(2089858483,0ecaa5967403d082aa24f35e1b516d23) Generated GUIDs only implemented for interfaces!
 -> (artifact id: '1b5cd819bd0c268b721ed7f521e463e1') in 0.002220 seconds
Number of updated asset objects reloaded before import = 0
Number of asset objects unloaded after import = 1
========================================================================
Received Import Request.
  Time since last request: 0.000012 seconds.
  path: Assets/Packages/EffectTexturesAndPrefabs/Materials
  artifactKey: Guid(600de7d0e8db2cf4dac90c6cf68f9ae7) Importer(2089858483,0ecaa5967403d082aa24f35e1b516d23)
Start importing Assets/Packages/EffectTexturesAndPrefabs/Materials using Guid(600de7d0e8db2cf4dac90c6cf68f9ae7) Importer(2089858483,0ecaa5967403d082aa24f35e1b516d23) Generated GUIDs only implemented for interfaces!
 -> (artifact id: '287a20b05e600f6c0801f365c557712e') in 0.002648 seconds
Number of updated asset objects reloaded before import = 0
Number of asset objects unloaded after import = 1
========================================================================
Received Import Request.
  Time since last request: 0.000043 seconds.
  path: Assets/Packages/EffectTexturesAndPrefabs/Materials/ShockWave.mat
  artifactKey: Guid(5f99d3e552fc62a46adcae1142016e56) Importer(2089858483,0ecaa5967403d082aa24f35e1b516d23)
Start importing Assets/Packages/EffectTexturesAndPrefabs/Materials/ShockWave.mat using Guid(5f99d3e552fc62a46adcae1142016e56) Importer(2089858483,0ecaa5967403d082aa24f35e1b516d23) Generated GUIDs only implemented for interfaces!
 -> (artifact id: 'ceb6a10645909841bd808768db0d2a9b') in 0.003720 seconds
Number of updated asset objects reloaded before import = 0
Number of asset objects unloaded after import = 2
========================================================================
Received Import Request.
  Time since last request: 0.000019 seconds.
  path: Assets/Packages/EffectTexturesAndPrefabs/Textures/star_B.png
  artifactKey: Guid(a692e8fb04fe88f48b87e461b9e8409d) Importer(2089858483,0ecaa5967403d082aa24f35e1b516d23)
Start importing Assets/Packages/EffectTexturesAndPrefabs/Textures/star_B.png using Guid(a692e8fb04fe88f48b87e461b9e8409d) Importer(2089858483,0ecaa5967403d082aa24f35e1b516d23) Generated GUIDs only implemented for interfaces!
 -> (artifact id: '8b2f2157d69e0c0803abb6bd690ff587') in 0.010246 seconds
Number of updated asset objects reloaded before import = 0
Number of asset objects unloaded after import = 1
========================================================================
Received Import Request.
  Time since last request: 0.000015 seconds.
  path: Assets/Packages/EffectTexturesAndPrefabs/Scenes/blueguy.unity
  artifactKey: Guid(ff48c7f1465fece408c0a8de2717a2f9) Importer(2089858483,0ecaa5967403d082aa24f35e1b516d23)
Start importing Assets/Packages/EffectTexturesAndPrefabs/Scenes/blueguy.unity using Guid(ff48c7f1465fece408c0a8de2717a2f9) Importer(2089858483,0ecaa5967403d082aa24f35e1b516d23) Generated GUIDs only implemented for interfaces!
 -> (artifact id: 'fe2a5a8f5b392a805485927107b9df32') in 0.002393 seconds
Number of updated asset objects reloaded before import = 0
Number of asset objects unloaded after import = 1
========================================================================
Received Import Request.
  Time since last request: 0.000015 seconds.
  path: Assets/Packages/EffectTexturesAndPrefabs
  artifactKey: Guid(b46634796351479439f12629da64521a) Importer(2089858483,0ecaa5967403d082aa24f35e1b516d23)
Start importing Assets/Packages/EffectTexturesAndPrefabs using Guid(b46634796351479439f12629da64521a) Importer(2089858483,0ecaa5967403d082aa24f35e1b516d23) Generated GUIDs only implemented for interfaces!
 -> (artifact id: '463a42b332969e6cc82312f82f9fdb5f') in 0.002082 seconds
Number of updated asset objects reloaded before import = 0
Number of asset objects unloaded after import = 1
========================================================================
Received Import Request.
  Time since last request: 0.000040 seconds.
  path: Assets/Packages/EffectTexturesAndPrefabs/Materials/Smoke_explosion.mat
  artifactKey: Guid(8350849aae5998e4ca0f12fcd3e9c157) Importer(2089858483,0ecaa5967403d082aa24f35e1b516d23)
Start importing Assets/Packages/EffectTexturesAndPrefabs/Materials/Smoke_explosion.mat using Guid(8350849aae5998e4ca0f12fcd3e9c157) Importer(2089858483,0ecaa5967403d082aa24f35e1b516d23) Generated GUIDs only implemented for interfaces!
 -> (artifact id: 'c34a8208577d1182c842540b994e11be') in 0.040306 seconds
Number of updated asset objects reloaded before import = 0
Number of asset objects unloaded after import = 3
========================================================================
Received Import Request.
  Time since last request: 0.000014 seconds.
  path: Assets/Packages/EffectTexturesAndPrefabs/Textures/smoke_thin.png
  artifactKey: Guid(90dbf173ff255434d8191e5cbbe24576) Importer(2089858483,0ecaa5967403d082aa24f35e1b516d23)
Start importing Assets/Packages/EffectTexturesAndPrefabs/Textures/smoke_thin.png using Guid(90dbf173ff255434d8191e5cbbe24576) Importer(2089858483,0ecaa5967403d082aa24f35e1b516d23) Generated GUIDs only implemented for interfaces!
 -> (artifact id: '6deaaae9c6cadf997fa352809656cb98') in 0.011400 seconds
Number of updated asset objects reloaded before import = 0
Number of asset objects unloaded after import = 1
========================================================================
Received Import Request.
  Time since last request: 0.000017 seconds.
  path: Assets/Packages/EffectTexturesAndPrefabs/FBX/ShockWave_mesh.fbx
  artifactKey: Guid(611050965a7b66143b84e5b62ae17405) Importer(2089858483,0ecaa5967403d082aa24f35e1b516d23)
Start importing Assets/Packages/EffectTexturesAndPrefabs/FBX/ShockWave_mesh.fbx using Guid(611050965a7b66143b84e5b62ae17405) Importer(2089858483,0ecaa5967403d082aa24f35e1b516d23) Generated GUIDs only implemented for interfaces!
 -> (artifact id: 'd61ac71634578c7118f6a506d4e6af1f') in 0.025256 seconds
Number of updated asset objects reloaded before import = 0
Number of asset objects unloaded after import = 7
========================================================================
Received Import Request.
  Time since last request: 0.000012 seconds.
  path: Assets/Packages/EffectTexturesAndPrefabs/Materials/FireParticle_A.mat
  artifactKey: Guid(abc49fa8b01f5314c880641bc7c5986d) Importer(2089858483,0ecaa5967403d082aa24f35e1b516d23)
Start importing Assets/Packages/EffectTexturesAndPrefabs/Materials/FireParticle_A.mat using Guid(abc49fa8b01f5314c880641bc7c5986d) Importer(2089858483,0ecaa5967403d082aa24f35e1b516d23) Generated GUIDs only implemented for interfaces!
 -> (artifact id: '85ae01f3bfe4ccef83c4dc8f24c95834') in 0.003915 seconds
Number of updated asset objects reloaded before import = 0
Number of asset objects unloaded after import = 2
========================================================================
Received Import Request.
  Time since last request: 0.000018 seconds.
  path: Assets/Packages/EffectTexturesAndPrefabs/Materials/Slash.mat
  artifactKey: Guid(7ab6922abe596f14bbeacc00ae8c81be) Importer(2089858483,0ecaa5967403d082aa24f35e1b516d23)
Start importing Assets/Packages/EffectTexturesAndPrefabs/Materials/Slash.mat using Guid(7ab6922abe596f14bbeacc00ae8c81be) Importer(2089858483,0ecaa5967403d082aa24f35e1b516d23) Generated GUIDs only implemented for interfaces!
 -> (artifact id: '9bb8d700deda28b2760a78f86be06f39') in 0.004982 seconds
Number of updated asset objects reloaded before import = 0
Number of asset objects unloaded after import = 2
========================================================================
Received Import Request.
  Time since last request: 0.000017 seconds.
  path: Assets/Packages/EffectTexturesAndPrefabs/Materials/Smoke_thick.mat
  artifactKey: Guid(97de08415789a694eb7b2ac89fd4e9d9) Importer(2089858483,0ecaa5967403d082aa24f35e1b516d23)
Start importing Assets/Packages/EffectTexturesAndPrefabs/Materials/Smoke_thick.mat using Guid(97de08415789a694eb7b2ac89fd4e9d9) Importer(2089858483,0ecaa5967403d082aa24f35e1b516d23) Generated GUIDs only implemented for interfaces!
 -> (artifact id: '2f00269dce029d48d40ef1dba2ab3606') in 0.004006 seconds
Number of updated asset objects reloaded before import = 0
Number of asset objects unloaded after import = 3
========================================================================
Received Import Request.
  Time since last request: 0.000020 seconds.
  path: Assets/Packages/EffectTexturesAndPrefabs/Textures/fire_A.png
  artifactKey: Guid(e4627330551d3014bb2d466848a06dff) Importer(2089858483,0ecaa5967403d082aa24f35e1b516d23)
Start importing Assets/Packages/EffectTexturesAndPrefabs/Textures/fire_A.png using Guid(e4627330551d3014bb2d466848a06dff) Importer(2089858483,0ecaa5967403d082aa24f35e1b516d23) Generated GUIDs only implemented for interfaces!
 -> (artifact id: '5b3c2aad7758908764be806291e0909d') in 0.013205 seconds
Number of updated asset objects reloaded before import = 0
Number of asset objects unloaded after import = 1
========================================================================
Received Import Request.
  Time since last request: 0.000010 seconds.
  path: Assets/Packages/EffectTexturesAndPrefabs/Textures/ShockWave.png
  artifactKey: Guid(068fda816d1984c4d9d66984ad9d3a03) Importer(2089858483,0ecaa5967403d082aa24f35e1b516d23)
Start importing Assets/Packages/EffectTexturesAndPrefabs/Textures/ShockWave.png using Guid(068fda816d1984c4d9d66984ad9d3a03) Importer(2089858483,0ecaa5967403d082aa24f35e1b516d23) Generated GUIDs only implemented for interfaces!
 -> (artifact id: '4d804743a8bb4fb08d401fc98b010a84') in 0.012587 seconds
Number of updated asset objects reloaded before import = 0
Number of asset objects unloaded after import = 1
========================================================================
Received Import Request.
  Time since last request: 0.000016 seconds.
  path: Assets/Packages/EffectTexturesAndPrefabs/Prefabs/smoke_thick.prefab
  artifactKey: Guid(d26aaf76e6e2409448242b9a2d66f31f) Importer(2089858483,0ecaa5967403d082aa24f35e1b516d23)
Start importing Assets/Packages/EffectTexturesAndPrefabs/Prefabs/smoke_thick.prefab using Guid(d26aaf76e6e2409448242b9a2d66f31f) Importer(2089858483,0ecaa5967403d082aa24f35e1b516d23) Generated GUIDs only implemented for interfaces!
 -> (artifact id: 'c7657db1f354a34a5b55091795f1097d') in 0.002869 seconds
Number of updated asset objects reloaded before import = 0
Number of asset objects unloaded after import = 8
========================================================================
Received Import Request.
  Time since last request: 0.000013 seconds.
  path: Assets/Packages/EffectTexturesAndPrefabs/Animations/MuzzleFlash_mesh.controller
  artifactKey: Guid(fdd3d6adc813bcf46ace9c323d95f644) Importer(2089858483,0ecaa5967403d082aa24f35e1b516d23)
Start importing Assets/Packages/EffectTexturesAndPrefabs/Animations/MuzzleFlash_mesh.controller using Guid(fdd3d6adc813bcf46ace9c323d95f644) Importer(2089858483,0ecaa5967403d082aa24f35e1b516d23) Generated GUIDs only implemented for interfaces!
 -> (artifact id: 'e7889eba2ef5d8b360f7eedd671e7818') in 0.004412 seconds
Number of updated asset objects reloaded before import = 0
Number of asset objects unloaded after import = 4
========================================================================
Received Import Request.
  Time since last request: 0.000013 seconds.
  path: Assets/Packages/EffectTexturesAndPrefabs/Prefabs/Explosion_A.prefab
  artifactKey: Guid(779aa8c25fbd0e1488637639c9fff976) Importer(2089858483,0ecaa5967403d082aa24f35e1b516d23)
Start importing Assets/Packages/EffectTexturesAndPrefabs/Prefabs/Explosion_A.prefab using Guid(779aa8c25fbd0e1488637639c9fff976) Importer(2089858483,0ecaa5967403d082aa24f35e1b516d23) Generated GUIDs only implemented for interfaces!
 -> (artifact id: '22445156f6426317716cc7b798352dcd') in 0.003469 seconds
Number of updated asset objects reloaded before import = 0
Number of asset objects unloaded after import = 16
========================================================================
Received Import Request.
  Time since last request: 0.000018 seconds.
  path: Assets/Packages/EffectTexturesAndPrefabs/Textures/SparkParticle.png
  artifactKey: Guid(d9967c20ed8721d4fae012da762cd471) Importer(2089858483,0ecaa5967403d082aa24f35e1b516d23)
Start importing Assets/Packages/EffectTexturesAndPrefabs/Textures/SparkParticle.png using Guid(d9967c20ed8721d4fae012da762cd471) Importer(2089858483,0ecaa5967403d082aa24f35e1b516d23) Generated GUIDs only implemented for interfaces!
 -> (artifact id: '96d8d7ac9ee95c64b85dfca7e89576f9') in 0.010387 seconds
Number of updated asset objects reloaded before import = 0
Number of asset objects unloaded after import = 1
========================================================================
Received Import Request.
  Time since last request: 0.000020 seconds.
  path: Assets/Packages/EffectTexturesAndPrefabs/Prefabs/HitEffect_A.prefab
  artifactKey: Guid(643639841fb531e4ba8097fed4eb9ac7) Importer(2089858483,0ecaa5967403d082aa24f35e1b516d23)
Start importing Assets/Packages/EffectTexturesAndPrefabs/Prefabs/HitEffect_A.prefab using Guid(643639841fb531e4ba8097fed4eb9ac7) Importer(2089858483,0ecaa5967403d082aa24f35e1b516d23) Generated GUIDs only implemented for interfaces!
 -> (artifact id: '54171667d755703e81dc486893673484') in 0.003074 seconds
Number of updated asset objects reloaded before import = 0
Number of asset objects unloaded after import = 12
========================================================================
Received Import Request.
  Time since last request: 0.000013 seconds.
  path: Assets/Packages/EffectTexturesAndPrefabs/Animations/MuzzleFlash.anim
  artifactKey: Guid(ab86aafaa36566a4a86c0aff40c739c0) Importer(2089858483,0ecaa5967403d082aa24f35e1b516d23)
Start importing Assets/Packages/EffectTexturesAndPrefabs/Animations/MuzzleFlash.anim using Guid(ab86aafaa36566a4a86c0aff40c739c0) Importer(2089858483,0ecaa5967403d082aa24f35e1b516d23) Generated GUIDs only implemented for interfaces!
 -> (artifact id: 'e5217ae118e80cdb14ec77425b332184') in 0.006515 seconds
Number of updated asset objects reloaded before import = 0
Number of asset objects unloaded after import = 1
========================================================================
Received Import Request.
  Time since last request: 0.000015 seconds.
  path: Assets/Packages/EffectTexturesAndPrefabs/Prefabs/Cube.prefab
  artifactKey: Guid(3db9e95faad829f4b953f712b1811fc5) Importer(2089858483,0ecaa5967403d082aa24f35e1b516d23)
Start importing Assets/Packages/EffectTexturesAndPrefabs/Prefabs/Cube.prefab using Guid(3db9e95faad829f4b953f712b1811fc5) Importer(2089858483,0ecaa5967403d082aa24f35e1b516d23) Generated GUIDs only implemented for interfaces!
 -> (artifact id: '4cf1e8cb596b88fd8fec7b5c2c1ecaed') in 0.005842 seconds
Number of updated asset objects reloaded before import = 0
Number of asset objects unloaded after import = 8
========================================================================
Received Import Request.
  Time since last request: 0.000016 seconds.
  path: Assets/Packages/EffectTexturesAndPrefabs/Textures
  artifactKey: Guid(401e26d13061d7c439b9e36e15d76c6a) Importer(2089858483,0ecaa5967403d082aa24f35e1b516d23)
Start importing Assets/Packages/EffectTexturesAndPrefabs/Textures using Guid(401e26d13061d7c439b9e36e15d76c6a) Importer(2089858483,0ecaa5967403d082aa24f35e1b516d23) Generated GUIDs only implemented for interfaces!
 -> (artifact id: 'd4115930de7ed8a535fd4419c6f9818c') in 0.002543 seconds
Number of updated asset objects reloaded before import = 0
Number of asset objects unloaded after import = 1
Editor requested this worker to shutdown with reason: Scaling down because of idle timeout
TcpMessagingSession - receive error: operation aborted. errorcode: 995, details:        I/O  .
AssetImportWorker is now disconnected from the server
Process exiting
Exiting without the bug reporter. Application will terminate with return code 0